q2cli version 2024.10.1
Run `qiime info` for more version details.

[qiime2] step=qiime2_import
[qiime2] cmd: docker run --rm --platform=linux/amd64 -v /Users/izzydavidson/Desktop/PhD/Projects/STaBioM-Standardised-Bioinformatics-for-Microbial-samples/shiny-ui/data/outputs/sr_amp_20260113_050818:/run:rw -e TMPDIR=/run/sr_amp/results/qiime2/tmp quay.io/qiime2/amplicon:2024.10 qiime tools import --type SampleData\[PairedEndSequencesWithQuality\] --input-path /run/sr_amp/results/qiime2/manifest.tsv --output-path /run/sr_amp/results/qiime2/demux-paired-end.qza --input-format PairedEndFastqManifestPhred33V2 
Traceback (most recent call last):
  File "/opt/conda/envs/qiime2-amplicon-2024.10/lib/python3.10/site-packages/q2cli/builtin/tools.py", line 852, in _import
    artifact = qiime2.sdk.Artifact.import_data(
  File "/opt/conda/envs/qiime2-amplicon-2024.10/lib/python3.10/site-packages/qiime2/sdk/result.py", line 346, in import_data
    return cls._from_view(type_, view, view_type, provenance_capture,
  File "/opt/conda/envs/qiime2-amplicon-2024.10/lib/python3.10/site-packages/qiime2/sdk/result.py", line 381, in _from_view
    artifact._archiver = archive.Archiver.from_data(
  File "/opt/conda/envs/qiime2-amplicon-2024.10/lib/python3.10/site-packages/qiime2/core/archive/archiver.py", line 409, in from_data
    Format.write(rec, type, format, data_initializer,
  File "/opt/conda/envs/qiime2-amplicon-2024.10/lib/python3.10/site-packages/qiime2/core/archive/format/v5.py", line 23, in write
    checksums = md5sum_directory(str(archive_record.root))
  File "/opt/conda/envs/qiime2-amplicon-2024.10/lib/python3.10/site-packages/qiime2/core/util.py", line 174, in md5sum_directory
    sums[os.path.relpath(path, start=directory)] = md5sum(path)
  File "/opt/conda/envs/qiime2-amplicon-2024.10/lib/python3.10/site-packages/qiime2/core/util.py", line 141, in md5sum_native
    result = subprocess.run(['md5sum', str(filepath)],
  File "/opt/conda/envs/qiime2-amplicon-2024.10/lib/python3.10/subprocess.py", line 526, in run
    raise CalledProcessError(retcode, process.args,
subprocess.CalledProcessError: Command '['md5sum', '/run/sr_amp/results/qiime2/tmp/qiime2/root/processes/1-1768280917.54@root/e20c5a2d-25f4-4fad-98b3-f6b41c0678d2.3347303271839554968/e20c5a2d-25f4-4fad-98b3-f6b41c0678d2/data/q2-OutPath-_okzb8h_/MANIFEST']' returned non-zero exit status 1.

An unexpected error has occurred:

  Command '['md5sum', '/run/sr_amp/results/qiime2/tmp/qiime2/root/processes/1-1768280917.54@root/e20c5a2d-25f4-4fad-98b3-f6b41c0678d2.3347303271839554968/e20c5a2d-25f4-4fad-98b3-f6b41c0678d2/data/q2-OutPath-_okzb8h_/MANIFEST']' returned non-zero exit status 1.

See above for debug info.
